Diagnose log at 2024-10-24T06:10:00Z

AppPath: C:\Program Files\Git\mingw64\bin\git-credential-manager.exe
InstallDir: C:\Program Files\Git\mingw64\bin\
Version: 2.5.1+90d5f897f164a8fe07d2aa3bf7db439b0b4e03ea

------------
Diagnostic: Environment
Skipped: False
Success: True
Exception: None
Log:
OSType: Windows
OSVersion: 10.0 (build 22631)
Reading environment variables... OK
 Variables:
HOMEPATH=\Users\zorbo
DriverData=C:\Windows\System32\Drivers\DriverData
COMPUTERNAME=COLIN
GIT_TRACE2_PARENT_SID=b6c25025-32ac-4c16-b7ac-bff1b1f9c5a8
CommonProgramFiles(x86)=C:\Program Files (x86)\Common Files
OneDrive=C:\Users\zorbo\OneDrive
SESSIONNAME=Console
FACEPUNCH_ENGINE=D:\SteamLibrary\steamapps\common\sbox
LANG=en_US.UTF-8
TMP=C:\Users\zorbo\AppData\Local\Temp
PROCESSOR_REVISION=6102
PATHEXT=.COM;.EXE;.BAT;.CMD;.VBS;.VBE;.JS;.JSE;.WSF;.WSH;.MSC;.CPL
VSCODE_INJECTION=1
GIT_ASKPASS=c:\Users\zorbo\AppData\Local\Programs\Microsoft VS Code\resources\app\extensions\git\dist\askpass.sh
GIT_EXEC_PATH=C:/Program Files/Git/mingw64/libexec/git-core
TEMP=C:\Users\zorbo\AppData\Local\Temp
LOCALAPPDATA=C:\Users\zorbo\AppData\Local
MSYSTEM=MINGW64
TERM=xterm-256color
ProgramW6432=C:\Program Files
USERDOMAIN=COLIN
Path=C:/Program Files/Git/mingw64/libexec/git-core;C:\Program Files\Git\mingw64\bin;C:\Program Files\Git\usr\bin;C:\Users\zorbo\bin;C:\Windows\system32;C:\Windows;C:\Windows\System32\Wbem;C:\Windows\System32\WindowsPowerShell\v1.0\;C:\Windows\System32\OpenSSH\;C:\Program Files (x86)\NVIDIA Corporation\PhysX\Common;C:\Program Files\NVIDIA Corporation\NVIDIA NvDLISR;C:\Users\zorbo\AppData\Roaming\nvm;C:\Program Files\nodejs;C:\Program Files\dotnet\;C:\Program Files\Git\cmd;C:\Users\zorbo\AppData\Local\Microsoft\WindowsApps;C:\Users\zorbo\AppData\Local\GitHubDesktop\bin;C:\Users\zorbo\AppData\Roaming\nvm;C:\Program Files\nodejs;C:\Users\zorbo\AppData\Local\Programs\mongosh\;C:\Program Files\MongoDB\Tools\100\bin;C:\Users\zorbo\Downloads\mongosh-2.2.15-win32-x64\mongosh-2.2.15-win32-x64\bin;C:\Program Files\heroku\bin
TERM_PROGRAM=vscode
PROCESSOR_LEVEL=25
PROCESSOR_IDENTIFIER=AMD64 Family 25 Model 97 Stepping 2, AuthenticAMD
TMPDIR=C:\Users\zorbo\AppData\Local\Temp
VSCODE_GIT_ASKPASS_EXTRA_ARGS=
TERM_PROGRAM_VERSION=1.94.2
VSCODE_GIT_ASKPASS_MAIN=c:\Users\zorbo\AppData\Local\Programs\Microsoft VS Code\resources\app\extensions\git\dist\askpass-main.js
ProgramFiles(x86)=C:\Program Files (x86)
PUBLIC=C:\Users\Public
NUMBER_OF_PROCESSORS=16
FPS_BROWSER_USER_PROFILE_STRING=Default
CommonProgramFiles=C:\Program Files (x86)\Common Files
3DVPATH=C:\AMD\Chipset_Software\Binaries\3D_V-Cache_Performance_Optimizer_Driver\
VSCODE_GIT_IPC_HANDLE=\\.\pipe\vscode-git-0c9ec8cf05-sock
CHROME_CRASHPAD_PIPE_NAME=\\.\pipe\crashpad_90472_MDCPATQRDMGLTJDD
PLINK_PROTOCOL=ssh
ProgramData=C:\ProgramData
MSYS=enable_pcon
ProgramFiles=C:\Program Files (x86)
EFC_35952=1
VSCODE_GIT_ASKPASS_NODE=C:\Users\zorbo\AppData\Local\Programs\Microsoft VS Code\Code.exe
SystemRoot=C:\Windows
NVM_SYMLINK=C:\Program Files\nodejs
NVM_HOME=C:\Users\zorbo\AppData\Roaming\nvm
ORIGINAL_XDG_CURRENT_DESKTOP=undefined
HOME=C:\Users\zorbo
CommonProgramW6432=C:\Program Files\Common Files
LOGONSERVER=\\COLIN
USERPROFILE=C:\Users\zorbo
COLORTERM=truecolor
USERDOMAIN_ROAMINGPROFILE=COLIN
APPDATA=C:\Users\zorbo\AppData\Roaming
HOMEDRIVE=C:
PSModulePath=C:\Users\zorbo\Documents\WindowsPowerShell\Modules;C:\Program Files\WindowsPowerShell\Modules;C:\Windows\system32\WindowsPowerShell\v1.0\Modules
USERNAME=zorbo
PROCESSOR_ARCHITEW6432=AMD64
FPS_BROWSER_APP_PROFILE_STRING=Internet Explorer
PROCESSOR_ARCHITECTURE=x86
OS=Windows_NT
ComSpec=C:\Windows\system32\cmd.exe
SystemDrive=C:
windir=C:\Windows
OneDriveConsumer=C:\Users\zorbo\OneDrive
ALLUSERSPROFILE=C:\ProgramData


------------
Diagnostic: File system
Skipped: False
Success: True
Exception: None
Log:
Temporary directory is 'C:\Users\zorbo\AppData\Local\Temp\'...
Checking basic file I/O...
Writing to temporary file 'C:\Users\zorbo\AppData\Local\Temp\8e3c45988b1800d1a065b2f0'... OK
Reading from temporary file 'C:\Users\zorbo\AppData\Local\Temp\8e3c45988b1800d1a065b2f0'... OK
Deleting temporary file 'C:\Users\zorbo\AppData\Local\Temp\8e3c45988b1800d1a065b2f0'... OK
Testing IFileSystem instance...
UserHomePath: C:\Users\zorbo
UserDataDirectoryPath: C:\Users\zorbo\.gcm
GetCurrentDirectory(): C:\Users\zorbo\meet

------------
Diagnostic: Networking
Skipped: False
Success: True
Exception: None
Log:
Checking networking and HTTP stack...
Creating HTTP client... OK
IsNetworkAvailable: True
Sending HEAD request to http://example.com...Sending HEAD request to https://example.com... OK
 OK
Acquiring free TCP port... OK
Testing local HTTP loopback connections...
Creating new HTTP listener for http://localhost:63427/... OK
Waiting for loopback connection... OK
Writing response... OK
Waiting for response data... OK
Loopback connection data OK

------------
Diagnostic: Git
Skipped: False
Success: True
Exception: None
Log:
Getting Git version... OK
Git version is '2.46.0.windows.1'
Locating current repository...Git repository at 'C:/Users/zorbo/meet/.git'
 OK
Listing all Git configuration... OK
Git configuration:
file:C:/Program Files/Git/etc/gitconfig	diff.astextplain.textconv=astextplain
file:C:/Program Files/Git/etc/gitconfig	filter.lfs.clean=git-lfs clean -- %f
file:C:/Program Files/Git/etc/gitconfig	filter.lfs.smudge=git-lfs smudge -- %f
file:C:/Program Files/Git/etc/gitconfig	filter.lfs.process=git-lfs filter-process
file:C:/Program Files/Git/etc/gitconfig	filter.lfs.required=true
file:C:/Program Files/Git/etc/gitconfig	http.sslbackend=openssl
file:C:/Program Files/Git/etc/gitconfig	http.sslcainfo=C:/Program Files/Git/mingw64/etc/ssl/certs/ca-bundle.crt
file:C:/Program Files/Git/etc/gitconfig	core.autocrlf=true
file:C:/Program Files/Git/etc/gitconfig	core.fscache=true
file:C:/Program Files/Git/etc/gitconfig	core.symlinks=false
file:C:/Program Files/Git/etc/gitconfig	pull.rebase=false
file:C:/Program Files/Git/etc/gitconfig	init.defaultbranch=main
file:C:/Users/zorbo/.gitconfig	filter.lfs.clean=git-lfs clean -- %f
file:C:/Users/zorbo/.gitconfig	filter.lfs.smudge=git-lfs smudge -- %f
file:C:/Users/zorbo/.gitconfig	filter.lfs.process=git-lfs filter-process
file:C:/Users/zorbo/.gitconfig	filter.lfs.required=true
file:C:/Users/zorbo/.gitconfig	user.name=colinms4
file:C:/Users/zorbo/.gitconfig	user.email=zorbology@gmail.com
file:C:/Users/zorbo/.gitconfig	core.editor="C:\Users\zorbo\AppData\Local\Programs\Microsoft VS Code\bin\code" --wait
file:.git/config	core.repositoryformatversion=0
file:.git/config	core.filemode=false
file:.git/config	core.bare=false
file:.git/config	core.logallrefupdates=true
file:.git/config	core.symlinks=false
file:.git/config	core.ignorecase=true
file:.git/config	remote.origin.url=https://github.com/colinms4/meet.git
file:.git/config	remote.origin.fetch=+refs/heads/*:refs/remotes/origin/*
file:.git/config	branch.main.remote=origin
file:.git/config	branch.main.merge=refs/heads/main


------------
Diagnostic: Credential storage
Skipped: False
Success: True
Exception: None
Log:
ICredentialStore instance is of type: CredentialStore
Writing test credential... OK
Reading test credential... OK
Deleting test credential... OK

------------
Diagnostic: Microsoft authentication (AAD/MSA)
Skipped: False
Success: True
Exception: None
Log:
Broker is not enabled.
Flow type is: Auto
Gathering MSAL token cache data... OK
CacheDirectory: C:\Users\zorbo\AppData\Local\.IdentityService
CacheFileName: msal.cache
CacheFilePath: C:\Users\zorbo\AppData\Local\.IdentityService\msal.cache
Creating cache helper... OK
Verifying MSAL token cache persistence... OK

------------
Diagnostic: GitHub API
Skipped: False
Success: True
Exception: None
Log:
Using 'https://github.com/' as API target.
Querying '/meta' endpoint... OK

